<?xml version="1.0" encoding="UTF-8"?>
<!-- Generated by org.testng.reporters.JUnitXMLReporter -->
<testsuite hostname="DESKTOP-MDBLIRD" ignored="0" name="BasicFunctionality(failed)" tests="1" failures="1" timestamp="20 Jul 2020 19:56:29 GMT" time="15.581" errors="0">
  <testcase name="ManagerAccess" time="8.015" classname="com.moodys.meerqats.testcases.LoginAsAdmin">
    <failure type="java.lang.AssertionError" message="expected [18] but found [16]">
      <![CDATA[java.lang.AssertionError: expected [18] but found [16]
at com.moodys.meerqats.testcases.LoginAsAdmin.ManagerAccess(LoginAsAdmin.java:30)
... Removed 31 stack frames]]>
    </failure>
  </testcase> <!-- ManagerAccess -->
</testsuite> <!-- BasicFunctionality(failed) -->
